<?xml version="1.0" encoding="UTF-8"?>
<!-- Generated by org.testng.reporters.JUnitReportReporter -->
<testsuite hostname="LAPTOP-LIL66L1B" failures="0" tests="2" name="com.testng.demo.AppTest" time="0.025" errors="0" timestamp="2023-07-12T15:11:58 IST" skipped="0">
  <testcase classname="com.testng.demo.AppTest" name="test1" time="0.022"/>
  <system-out/>
  <testcase classname="com.testng.demo.AppTest" name="test2" time="0.003"/>
  <system-out/>
</testsuite> <!-- com.testng.demo.AppTest -->
