<?xml version="1.0" encoding="UTF-8"?>
<!-- Generated by org.testng.reporters.JUnitReportReporter -->
<testsuite hostname="LAPTOP-LIL66L1B" failures="0" tests="2" name="com.testng.demo.DemoTest2" time="0.008" errors="0" timestamp="2023-07-13T11:29:46 IST" skipped="0">
  <testcase classname="com.testng.demo.DemoTest2" name="test1" time="0.007"/>
  <system-out/>
  <testcase classname="com.testng.demo.DemoTest2" name="test2" time="0.001"/>
  <system-out/>
</testsuite> <!-- com.testng.demo.DemoTest2 -->
