<?xml version="1.0" encoding="UTF-8"?>
<!-- Generated by org.testng.reporters.JUnitReportReporter -->
<testsuite hostname="LAPTOP-LIL66L1B" failures="0" tests="2" name="com.testng.demo.PriorityTestcase" time="0.016" errors="0" timestamp="2023-07-13T11:57:06 IST" skipped="0">
  <testcase classname="com.testng.demo.PriorityTestcase" name="btestCase1" time="0.002"/>
  <system-out/>
  <testcase classname="com.testng.demo.PriorityTestcase" name="atestCase2" time="0.014"/>
  <system-out/>
</testsuite> <!-- com.testng.demo.PriorityTestcase -->
