<?xml version="1.0" encoding="UTF-8"?>
<!-- Generated by org.testng.reporters.JUnitReportReporter -->
<testsuite hostname="LAPTOP-LIL66L1B" failures="0" tests="1" name="com.testng.demo.DemoTest" time="0.014" errors="0" timestamp="2023-07-11T17:25:54 IST" skipped="0">
  <testcase classname="com.testng.demo.DemoTest" name="test1" time="0.014"/>
  <system-out/>
</testsuite> <!-- com.testng.demo.DemoTest -->
