<?xml version="1.0" encoding="UTF-8"?>
<!-- Generated by org.testng.reporters.JUnitReportReporter -->
<testsuite hostname="LAPTOP-LIL66L1B" failures="0" tests="2" name="com.testng.demo.AppTest" time="0.008" errors="0" timestamp="2023-08-07T22:02:03 IST" skipped="0">
  <testcase classname="com.testng.demo.AppTest" name="test2" time="0.000"/>
  <testcase classname="com.testng.demo.AppTest" name="test1" time="0.008"/>
</testsuite> <!-- com.testng.demo.AppTest -->
